<?xml version="1.0" encoding="UTF-8" ?>
<testsuite tests="54" failures="0" name="test.LoginTest" time="7.147" errors="0" skipped="0">
  <properties>
[...]
</properties>
  <testcase classname="| 1 |" name="Given I am on main application page" time="0.001"/>
  <testcase classname="| 1 |" name="When I login as user with &quot;1&quot;" time="0"/>
  <testcase classname="| 1 |" name="Then I see expected element" time="0"/>
  <testcase classname="| 1 |" name="| 1 |" time="0.698"/>
  <testcase classname="| 2 |" name="Given I am on main application page" time="0"/>
  <testcase classname="| 2 |" name="When I login as user with &quot;2&quot;" time="0"/>
  <testcase classname="| 2 |" name="Then I see expected element" time="0"/>
  <testcase classname="| 2 |" name="| 2 |" time="0.665"/>
  <testcase classname="| 3 |" name="Given I am on main application page" time="0"/>
  <testcase classname="| 3 |" name="When I login as user with &quot;3&quot;" time="0"/>
  <testcase classname="| 3 |" name="Then I see expected element" time="0"/>
  <testcase classname="| 3 |" name="| 3 |" time="0.648"/>
  <testcase classname="| 4 |" name="Given I am on main application page" time="0"/>
  <testcase classname="| 4 |" name="When I login as user with &quot;4&quot;" time="0"/>
  <testcase classname="| 4 |" name="Then I see expected element" time="0"/>
  <testcase classname="| 4 |" name="| 4 |" time="0.672"/>
  <testcase classname="| 5 |" name="Given I am on main application page" time="0"/>
  <testcase classname="| 5 |" name="When I login as user with &quot;5&quot;" time="0"/>
  <testcase classname="| 5 |" name="Then I see expected element" time="0"/>
  <testcase classname="| 5 |" name="| 5 |" time="0.651"/>
  <testcase classname="| 6 |" name="Given I am on main application page" time="0"/>
  <testcase classname="| 6 |" name="When I login as user with &quot;6&quot;" time="0"/>
  <testcase classname="| 6 |" name="Then I see expected element" time="0"/>
  <testcase classname="| 6 |" name="| 6 |" time="0.68"/>
  <testcase classname="Scenario: Message moving to spam and back" name="Given I am on main application page" time="0"/>
  <testcase classname="Scenario: Message moving to spam and back" name="When I login as user with correct password" time="0"/>
  <testcase classname="Scenario: Message moving to spam and back" name="Then I see expected element" time="0"/>
  <testcase classname="Scenario: Message moving to spam and back" name="Then I check incoming messages presence" time="0"/>
  <testcase classname="Scenario: Message moving to spam and back" name="When I move 1 message to spam" time="0"/>
  <testcase classname="Scenario: Message moving to spam and back" name="Then I see popup with confirmation" time="0"/>
  <testcase classname="Scenario: Message moving to spam and back" name="When I go to spam" time="0.001"/>
  <testcase classname="Scenario: Message moving to spam and back" name="And I move message back from spam to income" time="0"/>
  <testcase classname="Scenario: Message moving to spam and back" name="Then I see popup with confirmation" time="0"/>
  <testcase classname="Scenario: Message moving to spam and back" name="Scenario: Message moving to spam and back" time="0.703"/>
  <testcase classname="Scenario: Check messages and uncheck all" name="Given I am on main application page" time="0"/>
  <testcase classname="Scenario: Check messages and uncheck all" name="When I login as user with correct password" time="0"/>
  <testcase classname="Scenario: Check messages and uncheck all" name="Then I see expected element" time="0"/>
  <testcase classname="Scenario: Check messages and uncheck all" name="Then I check incoming messages presence" time="0"/>
  <testcase classname="Scenario: Check messages and uncheck all" name="When I check 3 messages" time="0"/>
  <testcase classname="Scenario: Check messages and uncheck all" name="And I uncheck all messages" time="0"/>
  <testcase classname="Scenario: Check messages and uncheck all" name="Then I don&apos;t see any selection" time="0"/>
  <testcase classname="Scenario: Check messages and uncheck all" name="Scenario: Check messages and uncheck all" time="1.067"/>
  <testcase classname="| 0 |" name="Given I am on main application page" time="0"/>
  <testcase classname="| 0 |" name="When I login as user with correct password" time="0"/>
  <testcase classname="| 0 |" name="Then I see expected element" time="0"/>
  <testcase classname="| 0 |" name="When I send message using 0 data" time="0"/>
  <testcase classname="| 0 |" name="Then I see expected confirmation" time="0"/>
  <testcase classname="| 0 |" name="| 0 |" time="0.677"/>
  <testcase classname="| 1 |" name="Given I am on main application page" time="0"/>
  <testcase classname="| 1 |" name="When I login as user with correct password" time="0"/>
  <testcase classname="| 1 |" name="Then I see expected element" time="0"/>
  <testcase classname="| 1 |" name="When I send message using 1 data" time="0"/>
  <testcase classname="| 1 |" name="Then I see expected confirmation" time="0"/>
  <testcase classname="| 1 |" name="| 1 |" time="0.684"/>
</testsuite>